<?xml version="1.0" encoding="UTF-8"?>
<!-- Generated by org.testng.reporters.JUnitXMLReporter -->
<testsuite hostname="ZHOUYIN4" ignored="0" name="Default test" tests="7" failures="0" timestamp="14 Jun 2017 09:47:43 GMT" time="0.793" errors="0">
  <testcase name="@BeforeTest beforeTest" time="0.177" classname="com.nancy.testscripts.NewTest">
    <failure type="java.lang.IllegalStateException" message="The path to the driver executable must be set by the webdriver.gecko.driver system property; for more information, see https://github.com/mozilla/geckodriver. The latest version can be downloaded from https://github.com/mozilla/geckodriver/releases">
      <![CDATA[java.lang.IllegalStateException: The path to the driver executable must be set by the webdriver.gecko.driver system property; for more information, see https://github.com/mozilla/geckodriver. The latest version can be downloaded from https://github.com/mozilla/geckodriver/releases
	at com.google.common.base.Preconditions.checkState(Preconditions.java:199)
	at org.openqa.selenium.remote.service.DriverService.findExecutable(DriverService.java:109)
	at org.openqa.selenium.firefox.GeckoDriverService.access$000(GeckoDriverService.java:37)
	at org.openqa.selenium.firefox.GeckoDriverService$Builder.findDefaultExecutable(GeckoDriverService.java:95)
	at org.openqa.selenium.remote.service.DriverService$Builder.build(DriverService.java:296)
	at org.openqa.selenium.firefox.FirefoxDriver.createCommandExecutor(FirefoxDriver.java:277)
	at org.openqa.selenium.firefox.FirefoxDriver.<init>(FirefoxDriver.java:247)
	at org.openqa.selenium.firefox.FirefoxDriver.<init>(FirefoxDriver.java:242)
	at org.openqa.selenium.firefox.FirefoxDriver.<init>(FirefoxDriver.java:238)
	at org.openqa.selenium.firefox.FirefoxDriver.<init>(FirefoxDriver.java:127)
	at com.nancy.testscripts.NewTest.beforeTest(NewTest.java:19)
	at sun.reflect.NativeMethodAccessorImpl.invoke0(Native Method)
	at sun.reflect.NativeMethodAccessorImpl.invoke(NativeMethodAccessorImpl.java:62)
	at sun.reflect.DelegatingMethodAccessorImpl.invoke(DelegatingMethodAccessorImpl.java:43)
	at java.lang.reflect.Method.invoke(Method.java:498)
	at org.testng.internal.MethodInvocationHelper.invokeMethod(MethodInvocationHelper.java:108)
	at org.testng.internal.Invoker.invokeConfigurationMethod(Invoker.java:523)
	at org.testng.internal.Invoker.invokeConfigurations(Invoker.java:224)
	at org.testng.internal.Invoker.invokeConfigurations(Invoker.java:146)
	at org.testng.TestRunner.beforeRun(TestRunner.java:626)
	at org.testng.TestRunner.run(TestRunner.java:594)
	at org.testng.SuiteRunner.runTest(SuiteRunner.java:380)
	at org.testng.SuiteRunner.runSequentially(SuiteRunner.java:375)
	at org.testng.SuiteRunner.privateRun(SuiteRunner.java:340)
	at org.testng.SuiteRunner.run(SuiteRunner.java:289)
	at org.testng.SuiteRunnerWorker.runSuite(SuiteRunnerWorker.java:52)
	at org.testng.SuiteRunnerWorker.run(SuiteRunnerWorker.java:86)
	at org.testng.TestNG.runSuitesSequentially(TestNG.java:1301)
	at org.testng.TestNG.runSuitesLocally(TestNG.java:1226)
	at org.testng.TestNG.runSuites(TestNG.java:1144)
	at org.testng.TestNG.run(TestNG.java:1115)
	at org.testng.remote.AbstractRemoteTestNG.run(AbstractRemoteTestNG.java:132)
	at org.testng.remote.RemoteTestNG.initAndRun(RemoteTestNG.java:236)
	at org.testng.remote.RemoteTestNG.main(RemoteTestNG.java:81)
]]>
    </failure>
  </testcase> <!-- @BeforeTest beforeTest -->
  <testcase name="@BeforeClass BeforeTest" time="0.0" classname="com.nancy.testscripts.SearchFromMenuCategory">
    <skipped/>
  </testcase> <!-- @BeforeClass BeforeTest -->
  <testcase name="@AfterClass AfterTest" time="0.0" classname="com.nancy.testscripts.SearchFromMenuCategory">
    <skipped/>
  </testcase> <!-- @AfterClass AfterTest -->
  <testcase name="@BeforeClass BeforeTest" time="0.0" classname="com.nancy.testscripts.SearchAndViewDetail">
    <skipped/>
  </testcase> <!-- @BeforeClass BeforeTest -->
  <testcase name="@AfterClass AfterTest" time="0.0" classname="com.nancy.testscripts.SearchAndViewDetail">
    <skipped/>
  </testcase> <!-- @AfterClass AfterTest -->
  <testcase name="@BeforeClass beforeTest" time="0.0" classname="com.nancy.testscripts.AddressManagement">
    <skipped/>
  </testcase> <!-- @BeforeClass beforeTest -->
  <testcase name="@AfterClass afterTest" time="0.0" classname="com.nancy.testscripts.AddressManagement">
    <skipped/>
  </testcase> <!-- @AfterClass afterTest -->
  <testcase name="@BeforeClass beforeTest" time="0.0" classname="com.nancy.testscripts.RegisterAccount">
    <skipped/>
  </testcase> <!-- @BeforeClass beforeTest -->
  <testcase name="@AfterClass afterTest" time="0.0" classname="com.nancy.testscripts.RegisterAccount">
    <skipped/>
  </testcase> <!-- @AfterClass afterTest -->
  <testcase name="@AfterTest afterTest" time="0.0" classname="com.nancy.testscripts.NewTest">
    <skipped/>
  </testcase> <!-- @AfterTest afterTest -->
  <testcase name="SearchFromMenuCategory" time="0.001" classname="com.nancy.testscripts.SearchFromMenuCategory">
    <skipped/>
  </testcase> <!-- SearchFromMenuCategory -->
  <testcase name="SearchAndViewDetail" time="0.0" classname="com.nancy.testscripts.SearchAndViewDetail">
    <skipped/>
  </testcase> <!-- SearchAndViewDetail -->
  <testcase name="AddNewAddress" time="0.0" classname="com.nancy.testscripts.AddressManagement">
    <skipped/>
  </testcase> <!-- AddNewAddress -->
  <testcase name="UpdateNewAddress" time="0.0" classname="com.nancy.testscripts.AddressManagement">
    <skipped/>
  </testcase> <!-- UpdateNewAddress -->
  <testcase name="deleteAddress" time="0.0" classname="com.nancy.testscripts.AddressManagement">
    <skipped/>
  </testcase> <!-- deleteAddress -->
  <testcase name="RegisterAccount" time="0.0" classname="com.nancy.testscripts.RegisterAccount">
    <skipped/>
  </testcase> <!-- RegisterAccount -->
  <testcase name="f" time="0.0" classname="com.nancy.testscripts.NewTest">
    <skipped/>
  </testcase> <!-- f -->
</testsuite> <!-- Default test -->
