<?xml version="1.0" encoding="UTF-8"?>
<testsuite name="TestSuite" time="50.368" tests="3" errors="0" skipped="2" failures="1">
  <properties>
    <property name="java.runtime.name" value="Java(TM) SE Runtime Environment"/>
    <property name="sun.boot.library.path" value="C:\Program Files\Java\jdk1.8.0_121\jre\bin"/>
    <property name="java.vm.version" value="25.121-b13"/>
    <property name="java.vm.vendor" value="Oracle Corporation"/>
    <property name="maven.multiModuleProjectDirectory" value="D:\Nancy\sources\SeleniumProject\MavenProject"/>
    <property name="java.vendor.url" value="http://java.oracle.com/"/>
    <property name="path.separator" value=";"/>
    <property name="guice.disable.misplaced.annotation.check" value="true"/>
    <property name="java.vm.name" value="Java HotSpot(TM) 64-Bit Server VM"/>
    <property name="file.encoding.pkg" value="sun.io"/>
    <property name="user.script" value=""/>
    <property name="user.country" value="CN"/>
    <property name="sun.java.launcher" value="SUN_STANDARD"/>
    <property name="sun.os.patch.level" value=""/>
    <property name="java.vm.specification.name" value="Java Virtual Machine Specification"/>
    <property name="user.dir" value="D:\Nancy\sources\SeleniumProject\MavenProject"/>
    <property name="java.runtime.version" value="1.8.0_121-b13"/>
    <property name="java.awt.graphicsenv" value="sun.awt.Win32GraphicsEnvironment"/>
    <property name="java.endorsed.dirs" value="C:\Program Files\Java\jdk1.8.0_121\jre\lib\endorsed"/>
    <property name="os.arch" value="amd64"/>
    <property name="java.io.tmpdir" value="C:\Users\ivangeng\AppData\Local\Temp\"/>
    <property name="line.separator" value="&#10;"/>
    <property name="java.vm.specification.vendor" value="Oracle Corporation"/>
    <property name="user.variant" value=""/>
    <property name="os.name" value="Windows 10"/>
    <property name="classworlds.conf" value="C:\Users\ivangeng\selenium_workspace\.metadata\.plugins\org.eclipse.m2e.launching\launches\m2conf824602926798080856.tmp"/>
    <property name="sun.jnu.encoding" value="GBK"/>
    <property name="java.library.path" value="C:\Program Files\Java\jdk1.8.0_121\bin;C:\WINDOWS\Sun\Java\bin;C:\WINDOWS\system32;C:\WINDOWS;C:/Program Files/Java/jre1.8.0_121/bin/server;C:/Program Files/Java/jre1.8.0_121/bin;C:/Program Files/Java/jre1.8.0_121/lib/amd64;C:\ProgramData\Oracle\Java\javapath;C:\Program Files (x86)\Intel\iCLS Client\;C:\Program Files\Intel\iCLS Client\;C:\Windows\system32;C:\Windows;C:\Windows\System32\Wbem;C:\Windows\System32\WindowsPowerShell\v1.0\;C:\Program Files (x86)\Intel\Intel(R) Management Engine Components\DAL;C:\Program Files\Intel\Intel(R) Management Engine Components\DAL;C:\Program Files (x86)\Intel\Intel(R) Management Engine Components\IPT;C:\Program Files\Intel\Intel(R) Management Engine Components\IPT;C:\Program Files (x86)\NVIDIA Corporation\PhysX\Common;C:\WINDOWS\system32;C:\WINDOWS;C:\WINDOWS\System32\Wbem;C:\WINDOWS\System32\WindowsPowerShell\v1.0\;C:\Program Files (x86)\Skype\Phone\;C:\Program Files\Intel\WiFi\bin\;C:\Program Files\Common Files\Intel\WirelessCommon\;D:\SVMX\predix\programs\pm-v1.2.0-win;D:\SVMX\predix\programs\cf-cli_6.20.0_winx64;%USERPROFILE%\AppData\Local\Microsoft\WindowsApps;;C:\Programs\eclipse-jee-neon-2-win32-x86_64;;."/>
    <property name="java.specification.name" value="Java Platform API Specification"/>
    <property name="java.class.version" value="52.0"/>
    <property name="sun.management.compiler" value="HotSpot 64-Bit Tiered Compilers"/>
    <property name="os.version" value="10.0"/>
    <property name="user.home" value="C:\Users\ivangeng"/>
    <property name="user.timezone" value="Asia/Shanghai"/>
    <property name="java.awt.printerjob" value="sun.awt.windows.WPrinterJob"/>
    <property name="java.specification.version" value="1.8"/>
    <property name="file.encoding" value="UTF-8"/>
    <property name="user.name" value="ivangeng"/>
    <property name="java.class.path" value="/C:/Programs/eclipse-jee-neon-2-win32-x86_64/plugins/org.eclipse.m2e.maven.runtime_1.7.0.20160603-1931/jars/plexus-classworlds-2.5.2.jar"/>
    <property name="java.vm.specification.version" value="1.8"/>
    <property name="sun.arch.data.model" value="64"/>
    <property name="java.home" value="C:\Program Files\Java\jdk1.8.0_121\jre"/>
    <property name="sun.java.command" value="org.codehaus.plexus.classworlds.launcher.Launcher -B surefire:test"/>
    <property name="java.specification.vendor" value="Oracle Corporation"/>
    <property name="user.language" value="zh"/>
    <property name="awt.toolkit" value="sun.awt.windows.WToolkit"/>
    <property name="java.vm.info" value="mixed mode"/>
    <property name="java.version" value="1.8.0_121"/>
    <property name="java.ext.dirs" value="C:\Program Files\Java\jdk1.8.0_121\jre\lib\ext;C:\WINDOWS\Sun\Java\lib\ext"/>
    <property name="sun.boot.class.path" value="C:\Program Files\Java\jdk1.8.0_121\jre\lib\resources.jar;C:\Program Files\Java\jdk1.8.0_121\jre\lib\rt.jar;C:\Program Files\Java\jdk1.8.0_121\jre\lib\sunrsasign.jar;C:\Program Files\Java\jdk1.8.0_121\jre\lib\jsse.jar;C:\Program Files\Java\jdk1.8.0_121\jre\lib\jce.jar;C:\Program Files\Java\jdk1.8.0_121\jre\lib\charsets.jar;C:\Program Files\Java\jdk1.8.0_121\jre\lib\jfr.jar;C:\Program Files\Java\jdk1.8.0_121\jre\classes"/>
    <property name="java.vendor" value="Oracle Corporation"/>
    <property name="maven.home" value="D:\Nancy\sources\SeleniumProject\MavenProject\EMBEDDED"/>
    <property name="file.separator" value="\"/>
    <property name="java.vendor.url.bug" value="http://bugreport.sun.com/bugreport/"/>
    <property name="sun.cpu.endian" value="little"/>
    <property name="sun.io.unicode.encoding" value="UnicodeLittle"/>
    <property name="sun.desktop" value="windows"/>
    <property name="sun.cpu.isalist" value="amd64"/>
  </properties>
  <testcase name="beforeClass" classname="com.nancy.testscripts.AddMultipleDressToCart" time="50.368">
    <failure message="Failed to connect to binary FirefoxBinary(C:\Program Files (x86)\Mozilla Firefox\firefox.exe) on port 7055; process output follows: &#10;g bootstrap method startup on screenshots@mozilla.org version 6.6.0&#10;1498225647321	addons.xpi	DEBUG	Registering manifest for C:\Program Files (x86)\Mozilla Firefox\browser\features\webcompat@mozilla.org.xpi&#10;1498225647322	addons.xpi	DEBUG	Calling bootstrap method startup on webcompat@mozilla.org version 1.1&#10;1498225647325	addons.xpi	DEBUG	Calling bootstrap method startup on wx-assistant@mozillaonline.com version 2.0.2&#10;1498225647328	addons.manager	DEBUG	Registering shutdown blocker for XPIProvider&#10;1498225647328	addons.manager	DEBUG	Provider finished startup: XPIProvider&#10;1498225647328	addons.manager	DEBUG	Starting provider: LightweightThemeManager&#10;1498225647328	addons.manager	DEBUG	Registering shutdown blocker for LightweightThemeManager&#10;1498225647328	addons.manager	DEBUG	Provider finished startup: LightweightThemeManager&#10;1498225647329	addons.manager	DEBUG	Starting provider: GMPProvider&#10;1498225647336	addons.manager	DEBUG	Registering shutdown blocker for GMPProvider&#10;1498225647337	addons.manager	DEBUG	Provider finished startup: GMPProvider&#10;1498225647337	addons.manager	DEBUG	Starting provider: PluginProvider&#10;1498225647337	addons.manager	DEBUG	Registering shutdown blocker for PluginProvider&#10;1498225647338	addons.manager	DEBUG	Provider finished startup: PluginProvider&#10;1498225647338	addons.manager	DEBUG	Completed startup sequence&#10;JavaScript error: resource://cpmanager-clv/CCLVData.jsm, line 46: NS_NOINTERFACE: Component returned failure code: 0x80004002 (NS_NOINTERFACE) [nsIFileURL.file]&#10;1498225648822	addons.manager	DEBUG	Starting provider: &lt;unnamed-provider&gt;&#10;1498225648823	addons.manager	DEBUG	Registering shutdown blocker for &lt;unnamed-provider&gt;&#10;1498225648823	addons.manager	DEBUG	Provider finished startup: &lt;unnamed-provider&gt;&#10;1498225648827	DeferredSave.extensions.json	DEBUG	Write succeeded&#10;1498225648827	DeferredSave.extensions.json	DEBUG	Starting timer&#10;JavaScript error: resource://cmsafeflag/SkipSBData.jsm, line 46: NS_NOINTERFACE: Component returned failure code: 0x80004002 (NS_NOINTERFACE) [nsIFileURL.file]&#10;JavaScript error: resource://cmsafeflag/SkipSBData.jsm, line 85: TypeError: aFile is undefined&#10;JavaScript error: resource://cmsafeflag/SkipSBData.jsm, line 85: TypeError: aFile is undefined&#10;JavaScript error: resource://cmsafeflag/SkipSBData.jsm, line 85: TypeError: aFile is undefined&#10;1498225648939	DeferredSave.extensions.json	DEBUG	Starting write&#10;1498225649007	addons.webextension.wx-assistant@mozillaonline.com	WARN	Please specify whether you want browser_style or not in your browser_action options.&#10;1498225649424	addons.repository	DEBUG	No addons.json found.&#10;1498225649425	DeferredSave.addons.json	DEBUG	Save changes&#10;1498225649430	DeferredSave.addons.json	DEBUG	Starting timer&#10;1498225649640	addons.manager	DEBUG	Starting provider: PreviousExperimentProvider&#10;1498225649640	addons.manager	DEBUG	Registering shutdown blocker for PreviousExperimentProvider&#10;1498225649641	addons.manager	DEBUG	Provider finished startup: PreviousExperimentProvider&#10;JavaScript error: resource://cmsafeflag/SkipSBData.jsm, line 85: TypeError: aFile is undefined&#10;1498225649739	DeferredSave.addons.json	DEBUG	Starting write&#10;1498225649844	DeferredSave.extensions.json	DEBUG	Write succeeded&#10;JavaScript error: resource://cmsafeflag/SkipSBData.jsm, line 85: TypeError: aFile is undefined&#10;JavaScript error: http://offlintab.firefoxchina.cn/static/preload.html, line 131: ReferenceError: mozIndexedDB is not defined&#10;JavaScript error: resource://cmsafeflag/SkipSBData.jsm, line 85: TypeError: aFile is undefined&#10;1498225649998	DeferredSave.addons.json	DEBUG	Write succeeded&#10;JavaScript error: resource://cmsafeflag/SkipSBData.jsm, line 85: TypeError: aFile is undefined&#10;JavaScript error: resource://cmsafeflag/SkipSBData.jsm, line 85: TypeError: aFile is undefined&#10;JavaScript error: resource://cmsafeflag/SkipSBData.jsm, line 85: TypeError: aFile is undefined&#10;JavaScript error: resource://cmsafeflag/SkipSBData.jsm, line 85: TypeError: aFile is undefined&#10;JavaScript error: resource://cmsafeflag/SkipSBData.jsm, line 85: TypeError: aFile is undefined&#10;&#10;Build info: version: &apos;3.0.1&apos;, revision: &apos;1969d75&apos;, time: &apos;2016-10-18 09:49:13 -0700&apos;&#10;System info: host: &apos;DESKTOP-DSMJV8E&apos;, ip: &apos;192.168.1.100&apos;, os.name: &apos;Windows 10&apos;, os.arch: &apos;amd64&apos;, os.version: &apos;10.0&apos;, java.version: &apos;1.8.0_121&apos;&#10;Driver info: driver.version: FirefoxDriver" type="org.openqa.selenium.WebDriverException"><![CDATA[org.openqa.selenium.WebDriverException: Failed to connect to binary FirefoxBinary(C:\Program Files (x86)\Mozilla Firefox\firefox.exe) on port 7055; process output follows: 
g bootstrap method startup on screenshots@mozilla.org version 6.6.0
1498225647321	addons.xpi	DEBUG	Registering manifest for C:\Program Files (x86)\Mozilla Firefox\browser\features\webcompat@mozilla.org.xpi
1498225647322	addons.xpi	DEBUG	Calling bootstrap method startup on webcompat@mozilla.org version 1.1
1498225647325	addons.xpi	DEBUG	Calling bootstrap method startup on wx-assistant@mozillaonline.com version 2.0.2
1498225647328	addons.manager	DEBUG	Registering shutdown blocker for XPIProvider
1498225647328	addons.manager	DEBUG	Provider finished startup: XPIProvider
1498225647328	addons.manager	DEBUG	Starting provider: LightweightThemeManager
1498225647328	addons.manager	DEBUG	Registering shutdown blocker for LightweightThemeManager
1498225647328	addons.manager	DEBUG	Provider finished startup: LightweightThemeManager
1498225647329	addons.manager	DEBUG	Starting provider: GMPProvider
1498225647336	addons.manager	DEBUG	Registering shutdown blocker for GMPProvider
1498225647337	addons.manager	DEBUG	Provider finished startup: GMPProvider
1498225647337	addons.manager	DEBUG	Starting provider: PluginProvider
1498225647337	addons.manager	DEBUG	Registering shutdown blocker for PluginProvider
1498225647338	addons.manager	DEBUG	Provider finished startup: PluginProvider
1498225647338	addons.manager	DEBUG	Completed startup sequence
JavaScript error: resource://cpmanager-clv/CCLVData.jsm, line 46: NS_NOINTERFACE: Component returned failure code: 0x80004002 (NS_NOINTERFACE) [nsIFileURL.file]
1498225648822	addons.manager	DEBUG	Starting provider: <unnamed-provider>
1498225648823	addons.manager	DEBUG	Registering shutdown blocker for <unnamed-provider>
1498225648823	addons.manager	DEBUG	Provider finished startup: <unnamed-provider>
1498225648827	DeferredSave.extensions.json	DEBUG	Write succeeded
1498225648827	DeferredSave.extensions.json	DEBUG	Starting timer
JavaScript error: resource://cmsafeflag/SkipSBData.jsm, line 46: NS_NOINTERFACE: Component returned failure code: 0x80004002 (NS_NOINTERFACE) [nsIFileURL.file]
JavaScript error: resource://cmsafeflag/SkipSBData.jsm, line 85: TypeError: aFile is undefined
JavaScript error: resource://cmsafeflag/SkipSBData.jsm, line 85: TypeError: aFile is undefined
JavaScript error: resource://cmsafeflag/SkipSBData.jsm, line 85: TypeError: aFile is undefined
1498225648939	DeferredSave.extensions.json	DEBUG	Starting write
1498225649007	addons.webextension.wx-assistant@mozillaonline.com	WARN	Please specify whether you want browser_style or not in your browser_action options.
1498225649424	addons.repository	DEBUG	No addons.json found.
1498225649425	DeferredSave.addons.json	DEBUG	Save changes
1498225649430	DeferredSave.addons.json	DEBUG	Starting timer
1498225649640	addons.manager	DEBUG	Starting provider: PreviousExperimentProvider
1498225649640	addons.manager	DEBUG	Registering shutdown blocker for PreviousExperimentProvider
1498225649641	addons.manager	DEBUG	Provider finished startup: PreviousExperimentProvider
JavaScript error: resource://cmsafeflag/SkipSBData.jsm, line 85: TypeError: aFile is undefined
1498225649739	DeferredSave.addons.json	DEBUG	Starting write
1498225649844	DeferredSave.extensions.json	DEBUG	Write succeeded
JavaScript error: resource://cmsafeflag/SkipSBData.jsm, line 85: TypeError: aFile is undefined
JavaScript error: http://offlintab.firefoxchina.cn/static/preload.html, line 131: ReferenceError: mozIndexedDB is not defined
JavaScript error: resource://cmsafeflag/SkipSBData.jsm, line 85: TypeError: aFile is undefined
1498225649998	DeferredSave.addons.json	DEBUG	Write succeeded
JavaScript error: resource://cmsafeflag/SkipSBData.jsm, line 85: TypeError: aFile is undefined
JavaScript error: resource://cmsafeflag/SkipSBData.jsm, line 85: TypeError: aFile is undefined
JavaScript error: resource://cmsafeflag/SkipSBData.jsm, line 85: TypeError: aFile is undefined
JavaScript error: resource://cmsafeflag/SkipSBData.jsm, line 85: TypeError: aFile is undefined
JavaScript error: resource://cmsafeflag/SkipSBData.jsm, line 85: TypeError: aFile is undefined

Build info: version: '3.0.1', revision: '1969d75', time: '2016-10-18 09:49:13 -0700'
System info: host: 'DESKTOP-DSMJV8E', ip: '192.168.1.100', os.name: 'Windows 10', os.arch: 'amd64', os.version: '10.0', java.version: '1.8.0_121'
Driver info: driver.version: FirefoxDriver
	at org.openqa.selenium.firefox.internal.NewProfileExtensionConnection.start(NewProfileExtensionConnection.java:113)
	at org.openqa.selenium.firefox.FirefoxDriver.startClient(FirefoxDriver.java:347)
	at org.openqa.selenium.remote.RemoteWebDriver.<init>(RemoteWebDriver.java:116)
	at org.openqa.selenium.firefox.FirefoxDriver.<init>(FirefoxDriver.java:259)
	at org.openqa.selenium.firefox.FirefoxDriver.<init>(FirefoxDriver.java:247)
	at org.openqa.selenium.firefox.FirefoxDriver.<init>(FirefoxDriver.java:242)
	at org.openqa.selenium.firefox.FirefoxDriver.<init>(FirefoxDriver.java:238)
	at org.openqa.selenium.firefox.FirefoxDriver.<init>(FirefoxDriver.java:127)
	at com.nancy.util.DriverBase.setDriver(DriverBase.java:24)
	at com.nancy.testscripts.AddMultipleDressToCart.beforeClass(AddMultipleDressToCart.java:49)
]]></failure>
    <system-err><![CDATA[org.openqa.selenium.firefox.NotConnectedException: Unable to connect to host 127.0.0.1 on port 7055 after 45000 ms. Firefox console output:
g bootstrap method startup on screenshots@mozilla.org version 6.6.0
1498225647321	addons.xpi	DEBUG	Registering manifest for C:\Program Files (x86)\Mozilla Firefox\browser\features\webcompat@mozilla.org.xpi
1498225647322	addons.xpi	DEBUG	Calling bootstrap method startup on webcompat@mozilla.org version 1.1
1498225647325	addons.xpi	DEBUG	Calling bootstrap method startup on wx-assistant@mozillaonline.com version 2.0.2
1498225647328	addons.manager	DEBUG	Registering shutdown blocker for XPIProvider
1498225647328	addons.manager	DEBUG	Provider finished startup: XPIProvider
1498225647328	addons.manager	DEBUG	Starting provider: LightweightThemeManager
1498225647328	addons.manager	DEBUG	Registering shutdown blocker for LightweightThemeManager
1498225647328	addons.manager	DEBUG	Provider finished startup: LightweightThemeManager
1498225647329	addons.manager	DEBUG	Starting provider: GMPProvider
1498225647336	addons.manager	DEBUG	Registering shutdown blocker for GMPProvider
1498225647337	addons.manager	DEBUG	Provider finished startup: GMPProvider
1498225647337	addons.manager	DEBUG	Starting provider: PluginProvider
1498225647337	addons.manager	DEBUG	Registering shutdown blocker for PluginProvider
1498225647338	addons.manager	DEBUG	Provider finished startup: PluginProvider
1498225647338	addons.manager	DEBUG	Completed startup sequence
JavaScript error: resource://cpmanager-clv/CCLVData.jsm, line 46: NS_NOINTERFACE: Component returned failure code: 0x80004002 (NS_NOINTERFACE) [nsIFileURL.file]
1498225648822	addons.manager	DEBUG	Starting provider: <unnamed-provider>
1498225648823	addons.manager	DEBUG	Registering shutdown blocker for <unnamed-provider>
1498225648823	addons.manager	DEBUG	Provider finished startup: <unnamed-provider>
1498225648827	DeferredSave.extensions.json	DEBUG	Write succeeded
1498225648827	DeferredSave.extensions.json	DEBUG	Starting timer
JavaScript error: resource://cmsafeflag/SkipSBData.jsm, line 46: NS_NOINTERFACE: Component returned failure code: 0x80004002 (NS_NOINTERFACE) [nsIFileURL.file]
JavaScript error: resource://cmsafeflag/SkipSBData.jsm, line 85: TypeError: aFile is undefined
JavaScript error: resource://cmsafeflag/SkipSBData.jsm, line 85: TypeError: aFile is undefined
JavaScript error: resource://cmsafeflag/SkipSBData.jsm, line 85: TypeError: aFile is undefined
1498225648939	DeferredSave.extensions.json	DEBUG	Starting write
1498225649007	addons.webextension.wx-assistant@mozillaonline.com	WARN	Please specify whether you want browser_style or not in your browser_action options.
1498225649424	addons.repository	DEBUG	No addons.json found.
1498225649425	DeferredSave.addons.json	DEBUG	Save changes
1498225649430	DeferredSave.addons.json	DEBUG	Starting timer
1498225649640	addons.manager	DEBUG	Starting provider: PreviousExperimentProvider
1498225649640	addons.manager	DEBUG	Registering shutdown blocker for PreviousExperimentProvider
1498225649641	addons.manager	DEBUG	Provider finished startup: PreviousExperimentProvider
JavaScript error: resource://cmsafeflag/SkipSBData.jsm, line 85: TypeError: aFile is undefined
1498225649739	DeferredSave.addons.json	DEBUG	Starting write
1498225649844	DeferredSave.extensions.json	DEBUG	Write succeeded
JavaScript error: resource://cmsafeflag/SkipSBData.jsm, line 85: TypeError: aFile is undefined
JavaScript error: http://offlintab.firefoxchina.cn/static/preload.html, line 131: ReferenceError: mozIndexedDB is not defined
JavaScript error: resource://cmsafeflag/SkipSBData.jsm, line 85: TypeError: aFile is undefined
1498225649998	DeferredSave.addons.json	DEBUG	Write succeeded
JavaScript error: resource://cmsafeflag/SkipSBData.jsm, line 85: TypeError: aFile is undefined
JavaScript error: resource://cmsafeflag/SkipSBData.jsm, line 85: TypeError: aFile is undefined
JavaScript error: resource://cmsafeflag/SkipSBData.jsm, line 85: TypeError: aFile is undefined
JavaScript error: resource://cmsafeflag/SkipSBData.jsm, line 85: TypeError: aFile is undefined
JavaScript error: resource://cmsafeflag/SkipSBData.jsm, line 85: TypeError: aFile is undefined

	at org.openqa.selenium.firefox.internal.NewProfileExtensionConnection.start(NewProfileExtensionConnection.java:113)
	at org.openqa.selenium.firefox.FirefoxDriver.startClient(FirefoxDriver.java:347)
	at org.openqa.selenium.remote.RemoteWebDriver.<init>(RemoteWebDriver.java:116)
	at org.openqa.selenium.firefox.FirefoxDriver.<init>(FirefoxDriver.java:259)
	at org.openqa.selenium.firefox.FirefoxDriver.<init>(FirefoxDriver.java:247)
	at org.openqa.selenium.firefox.FirefoxDriver.<init>(FirefoxDriver.java:242)
	at org.openqa.selenium.firefox.FirefoxDriver.<init>(FirefoxDriver.java:238)
	at org.openqa.selenium.firefox.FirefoxDriver.<init>(FirefoxDriver.java:127)
	at com.nancy.util.DriverBase.setDriver(DriverBase.java:24)
	at com.nancy.testscripts.AddMultipleDressToCart.beforeClass(AddMultipleDressToCart.java:49)
	at sun.reflect.NativeMethodAccessorImpl.invoke0(Native Method)
	at sun.reflect.NativeMethodAccessorImpl.invoke(NativeMethodAccessorImpl.java:62)
	at sun.reflect.DelegatingMethodAccessorImpl.invoke(DelegatingMethodAccessorImpl.java:43)
	at java.lang.reflect.Method.invoke(Method.java:498)
	at org.testng.internal.MethodInvocationHelper.invokeMethod(MethodInvocationHelper.java:108)
	at org.testng.internal.Invoker.invokeConfigurationMethod(Invoker.java:523)
	at org.testng.internal.Invoker.invokeConfigurations(Invoker.java:224)
	at org.testng.internal.Invoker.invokeConfigurations(Invoker.java:146)
	at org.testng.internal.TestMethodWorker.invokeBeforeClassMethods(TestMethodWorker.java:166)
	at org.testng.internal.TestMethodWorker.run(TestMethodWorker.java:105)
	at org.testng.TestRunner.privateRun(TestRunner.java:744)
	at org.testng.TestRunner.run(TestRunner.java:602)
	at org.testng.SuiteRunner.runTest(SuiteRunner.java:380)
	at org.testng.SuiteRunner.runSequentially(SuiteRunner.java:375)
	at org.testng.SuiteRunner.privateRun(SuiteRunner.java:340)
	at org.testng.SuiteRunner.run(SuiteRunner.java:289)
	at org.testng.SuiteRunnerWorker.runSuite(SuiteRunnerWorker.java:52)
	at org.testng.SuiteRunnerWorker.run(SuiteRunnerWorker.java:86)
	at org.testng.TestNG.runSuitesSequentially(TestNG.java:1301)
	at org.testng.TestNG.runSuitesLocally(TestNG.java:1226)
	at org.testng.TestNG.runSuites(TestNG.java:1144)
	at org.testng.TestNG.run(TestNG.java:1115)
	at org.apache.maven.surefire.testng.TestNGExecutor.run(TestNGExecutor.java:178)
	at org.apache.maven.surefire.testng.TestNGXmlTestSuite.execute(TestNGXmlTestSuite.java:92)
	at org.apache.maven.surefire.testng.TestNGProvider.invoke(TestNGProvider.java:96)
	at sun.reflect.NativeMethodAccessorImpl.invoke0(Native Method)
	at sun.reflect.NativeMethodAccessorImpl.invoke(NativeMethodAccessorImpl.java:62)
	at sun.reflect.DelegatingMethodAccessorImpl.invoke(DelegatingMethodAccessorImpl.java:43)
	at java.lang.reflect.Method.invoke(Method.java:498)
	at org.apache.maven.surefire.util.ReflectionUtils.invokeMethodWithArray2(ReflectionUtils.java:208)
	at org.apache.maven.surefire.booter.ProviderFactory$ProviderProxy.invoke(ProviderFactory.java:159)
	at org.apache.maven.surefire.booter.ProviderFactory.invokeProvider(ProviderFactory.java:87)
	at org.apache.maven.surefire.booter.ForkedBooter.runSuitesInProcess(ForkedBooter.java:153)
	at org.apache.maven.surefire.booter.ForkedBooter.main(ForkedBooter.java:95)
]]></system-err>
  </testcase>
  <testcase name="AddMultipleDressToCart" classname="com.nancy.testscripts.AddMultipleDressToCart" time="0">
    <skipped/>
  </testcase>
  <testcase name="afterClass" classname="com.nancy.testscripts.AddMultipleDressToCart" time="0">
    <skipped/>
  </testcase>
</testsuite>